<?xml version="1.0" encoding="UTF-8"?>
<coverage generated="1616213515590" clover="3.2.0">
  <project timestamp="1616213515590" name="All files">
    <metrics statements="21" coveredstatements="19" conditionals="22" coveredconditionals="11" methods="4" coveredmethods="3" elements="47" coveredelements="33" complexity="0" loc="21" ncloc="21" packages="1" files="1" classes="1"/>
    <file name="profile.js" path="C:\Users\annie\Desktop\Yimying, Lau\profile.js">
      <metrics statements="21" coveredstatements="19" conditionals="22" coveredconditionals="11" methods="4" coveredmethods="3"/>
      <line num="1" count="1" type="stmt"/>
      <line num="2" count="1" type="stmt"/>
      <line num="3" count="1" type="stmt"/>
      <line num="4" count="1" type="stmt"/>
      <line num="5" count="1" type="stmt"/>
      <line num="6" count="1" type="stmt"/>
      <line num="7" count="1" type="stmt"/>
      <line num="12" count="1" type="stmt"/>
      <line num="13" count="3" type="cond" truecount="4" falsecount="1"/>
      <line num="18" count="3" type="stmt"/>
      <line num="21" count="1" type="stmt"/>
      <line num="22" count="1" type="cond" truecount="1" falsecount="1"/>
      <line num="25" count="1" type="cond" truecount="3" falsecount="1"/>
      <line num="28" count="1" type="cond" truecount="3" falsecount="1"/>
      <line num="31" count="1" type="stmt"/>
      <line num="34" count="1" type="stmt"/>
      <line num="35" count="0" type="cond" truecount="0" falsecount="2"/>
      <line num="44" count="0" type="stmt"/>
      <line num="59" count="1" type="stmt"/>
      <line num="60" count="1" type="stmt"/>
      <line num="61" count="1" type="stmt"/>
    </file>
  </project>
</coverage>
